<?xml version="1.0" encoding="UTF-8"?>
<!-- Generated by org.testng.reporters.JUnitXMLReporter -->
<testsuite hostname="A2ML24415" name="Mercury Tours App Test Cases" tests="2" failures="0" timestamp="29 Apr 2020 17:49:10 GMT" time="46.175" errors="0">
  <testcase name="@AfterTest report" time="0.0" classname="com.demoaut.testcases.LoginTest">
    <failure type="java.io.FileNotFoundException" message="C:\workspace\DemoautTest\test-output\emailable-report.html (The system cannot find the path specified)">
      <![CDATA[java.io.FileNotFoundException: C:\workspace\DemoautTest\test-output\emailable-report.html (The system cannot find the path specified)
	at java.io.FileInputStream.open0(Native Method)
	at java.io.FileInputStream.open(FileInputStream.java:195)
	at java.io.FileInputStream.<init>(FileInputStream.java:138)
	at java.io.FileInputStream.<init>(FileInputStream.java:93)
	at com.demoaut.utils.TestUtil.createPdf(TestUtil.java:143)
	at com.demoaut.utils.TestUtil.pdf(TestUtil.java:149)
	at com.demoaut.testcases.LoginTest.report(LoginTest.java:54)
... Removed 23 stack frames]]>
    </failure>
  </testcase> <!-- @AfterTest report -->
  <testcase name="BookReturnticketTest" time="9.678" classname="com.demoaut.testcases.BookReturnTicketTest"/>
  <testcase name="Logintest_falseValidate" time="3.079" classname="com.demoaut.testcases.LoginTest"/>
</testsuite> <!-- Mercury Tours App Test Cases -->
